14:21:40:154  INFO 22448 --- [main] com.hmall.cart.CartApplication           : Starting CartApplication using Java 11.0.27 on DESKTOP-6L1JE0T with PID 22448 (C:\hmall\hmall\cart-service\target\classes started by xlt in C:\hmall\hmall)
14:21:40:161 DEBUG 22448 --- [main] com.hmall.cart.CartApplication           : Running with Spring Boot v2.7.12, Spring v5.3.27
14:21:40:161  INFO 22448 --- [main] com.hmall.cart.CartApplication           : The following 1 profile is active: "local"
14:21:41:417  INFO 22448 --- [main] o.s.cloud.context.scope.GenericScope     : BeanFactory id=b8982295-5c81-338c-9e67-4610f7721ea8
14:21:41:956  INFO 22448 --- [main] o.s.b.w.embedded.tomcat.TomcatWebServer  : Tomcat initialized with port(s): 8082 (http)
14:21:41:973  INFO 22448 --- [main] o.apache.catalina.core.StandardService   : Starting service [Tomcat]
14:21:41:974  INFO 22448 --- [main] org.apache.catalina.core.StandardEngine  : Starting Servlet engine: [Apache Tomcat/9.0.75]
14:21:42:191  INFO 22448 --- [main] o.a.c.c.C.[Tomcat].[localhost].[/]       : Initializing Spring embedded WebApplicationContext
14:21:42:192  INFO 22448 --- [main] w.s.c.ServletWebServerApplicationContext : Root WebApplicationContext: initialization completed in 1978 ms
14:21:42:505  INFO 22448 --- [main] o.s.c.openfeign.FeignClientFactoryBean   : For 'item-service' URL not provided. Will try picking an instance via load-balancing.
14:21:45:907  INFO 22448 --- [main] pertySourcedRequestMappingHandlerMapping : Mapped URL path [/v2/api-docs] onto method [springfox.documentation.swagger2.web.Swagger2ControllerWebMvc#getDocumentation(String, HttpServletRequest)]
14:21:46:876  INFO 22448 --- [main] com.alibaba.nacos.common.remote.client   : [RpcClientFactory] create a new rpc client of 6ddeac3c-17f0-4cc5-9fc0-5bf85738dd96
14:21:46:949  INFO 22448 --- [main] org.reflections.Reflections              : Reflections took 41 ms to scan 1 urls, producing 3 keys and 6 values 
14:21:47:017  INFO 22448 --- [main] org.reflections.Reflections              : Reflections took 38 ms to scan 1 urls, producing 4 keys and 9 values 
14:21:47:031  INFO 22448 --- [main] org.reflections.Reflections              : Reflections took 10 ms to scan 1 urls, producing 3 keys and 10 values 
14:21:47:037  WARN 22448 --- [main] org.reflections.Reflections              : given scan urls are empty. set urls in the configuration
14:21:47:049  INFO 22448 --- [main] org.reflections.Reflections              : Reflections took 10 ms to scan 1 urls, producing 1 keys and 5 values 
14:21:47:062  INFO 22448 --- [main] org.reflections.Reflections              : Reflections took 10 ms to scan 1 urls, producing 1 keys and 7 values 
14:21:47:080  INFO 22448 --- [main] org.reflections.Reflections              : Reflections took 13 ms to scan 1 urls, producing 2 keys and 8 values 
14:21:47:084  WARN 22448 --- [main] org.reflections.Reflections              : given scan urls are empty. set urls in the configuration
14:21:47:087  INFO 22448 --- [main] com.alibaba.nacos.common.remote.client   : [6ddeac3c-17f0-4cc5-9fc0-5bf85738dd96] RpcClient init label, labels = {module=naming, source=sdk}
14:21:47:091  INFO 22448 --- [main] com.alibaba.nacos.common.remote.client   : [6ddeac3c-17f0-4cc5-9fc0-5bf85738dd96] RpcClient init, ServerListFactory = com.alibaba.nacos.client.naming.core.ServerListManager
14:21:47:092  INFO 22448 --- [main] com.alibaba.nacos.common.remote.client   : [6ddeac3c-17f0-4cc5-9fc0-5bf85738dd96] Registry connection listener to current client:com.alibaba.nacos.client.naming.remote.gprc.redo.NamingGrpcRedoService
14:21:47:092  INFO 22448 --- [main] com.alibaba.nacos.common.remote.client   : [6ddeac3c-17f0-4cc5-9fc0-5bf85738dd96] Register server push request handler:com.alibaba.nacos.client.naming.remote.gprc.NamingPushRequestHandler
14:21:47:095  INFO 22448 --- [main] com.alibaba.nacos.common.remote.client   : [6ddeac3c-17f0-4cc5-9fc0-5bf85738dd96] Try to connect to server on start up, server: {serverIp = '192.168.100.129', server main port = 8848}
14:21:50:170  INFO 22448 --- [main] com.alibaba.nacos.common.remote.client   : [6ddeac3c-17f0-4cc5-9fc0-5bf85738dd96] Success to connect to server [192.168.100.129:8848] on start up, connectionId = 1753338110386_192.168.100.1_9059
14:21:50:171  INFO 22448 --- [com.alibaba.nacos.client.remote.worker] com.alibaba.nacos.common.remote.client   : [6ddeac3c-17f0-4cc5-9fc0-5bf85738dd96] Notify connected event to listeners.
14:21:50:172  INFO 22448 --- [main] com.alibaba.nacos.common.remote.client   : [6ddeac3c-17f0-4cc5-9fc0-5bf85738dd96] Register server push request handler:com.alibaba.nacos.common.remote.client.RpcClient$ConnectResetRequestHandler
14:21:50:173  INFO 22448 --- [main] com.alibaba.nacos.common.remote.client   : [6ddeac3c-17f0-4cc5-9fc0-5bf85738dd96] Register server push request handler:com.alibaba.nacos.common.remote.client.RpcClient$$Lambda$989/0x000000084069c040
14:21:50:321  INFO 22448 --- [main] o.s.b.w.embedded.tomcat.TomcatWebServer  : Tomcat started on port(s): 8082 (http) with context path ''
14:21:50:342  INFO 22448 --- [main] c.a.c.n.registry.NacosServiceRegistry    : nacos registry, DEFAULT_GROUP cart-service 192.168.0.68:8082 register finished
14:21:50:750  INFO 22448 --- [nacos-grpc-client-executor-9] com.alibaba.nacos.common.remote.client   : [6ddeac3c-17f0-4cc5-9fc0-5bf85738dd96] Receive server push request, request = NotifySubscriberRequest, requestId = 8
14:21:50:779  INFO 22448 --- [nacos-grpc-client-executor-9] com.alibaba.nacos.common.remote.client   : [6ddeac3c-17f0-4cc5-9fc0-5bf85738dd96] Ack server push request, request = NotifySubscriberRequest, requestId = 8
14:21:50:924  INFO 22448 --- [main] d.s.w.p.DocumentationPluginsBootstrapper : Documentation plugins bootstrapped
14:21:50:927  INFO 22448 --- [main] d.s.w.p.DocumentationPluginsBootstrapper : Found 1 custom documentation plugin(s)
14:21:50:959  INFO 22448 --- [main] s.d.s.w.s.ApiListingReferenceScanner     : Scanning for api listing references
14:21:51:079  INFO 22448 --- [main] com.hmall.cart.CartApplication           : Started CartApplication in 11.972 seconds (JVM running for 13.295)
