09:36:42:865  WARN 25256 --- [Thread-4] c.a.nacos.common.notify.NotifyCenter     : [NotifyCenter] Start destroying Publisher
09:36:42:864  WARN 25256 --- [Thread-7] c.a.n.common.http.HttpClientBeanHolder   : [HttpClientBeanHolder] Start destroying common HttpClient
09:36:42:894  WARN 25256 --- [Thread-4] c.a.nacos.common.notify.NotifyCenter     : [NotifyCenter] Destruction of the end
09:36:42:900  WARN 25256 --- [Thread-7] c.a.n.common.http.HttpClientBeanHolder   : [HttpClientBeanHolder] Destruction of the end
09:36:43:408  INFO 25256 --- [SpringApplicationShutdownHook] c.a.c.n.registry.NacosServiceRegistry    : De-registering from Nacos Server now...
09:36:43:414  INFO 25256 --- [SpringApplicationShutdownHook] c.a.c.n.registry.NacosServiceRegistry    : De-registration finished.
09:36:43:749  INFO 25256 --- [SpringApplicationShutdownHook] com.alibaba.nacos.common.remote.client   : Shutdown rpc client, set status to shutdown
09:36:43:749  INFO 25256 --- [SpringApplicationShutdownHook] com.alibaba.nacos.common.remote.client   : Shutdown client event executor java.util.concurrent.ScheduledThreadPoolExecutor@6ea8aad5[Running, pool size = 2, active threads = 2, queued tasks = 0, completed tasks = 0]
09:36:43:749  INFO 25256 --- [SpringApplicationShutdownHook] com.alibaba.nacos.common.remote.client   : Close current connection 1753358647693_192.168.100.1_4543
09:36:43:755  INFO 25256 --- [nacos-grpc-client-executor-9821] c.a.n.c.remote.client.grpc.GrpcClient    : [1753358647693_192.168.100.1_4543]Ignore complete event,isRunning:false,isAbandon=false
09:36:43:780  INFO 25256 --- [SpringApplicationShutdownHook] c.a.n.c.remote.client.grpc.GrpcClient    : Shutdown grpc executor java.util.concurrent.ThreadPoolExecutor@72251119[Running, pool size = 5, active threads = 0, queued tasks = 0, completed tasks = 9822]
09:36:43:794  INFO 25256 --- [SpringApplicationShutdownHook] com.zaxxer.hikari.HikariDataSource       : HikariPool-1 - Shutdown initiated...
09:36:43:814  INFO 25256 --- [SpringApplicationShutdownHook] com.zaxxer.hikari.HikariDataSource       : HikariPool-1 - Shutdown completed.
14:07:01:074  INFO 4780 --- [main] com.hmall.item.ItemApplication           : Starting ItemApplication using Java 11.0.27 on DESKTOP-6L1JE0T with PID 4780 (C:\hmall\hmall\item-service\target\classes started by xlt in C:\hmall\hmall)
14:07:01:075 DEBUG 4780 --- [main] com.hmall.item.ItemApplication           : Running with Spring Boot v2.7.12, Spring v5.3.27
14:07:01:076  INFO 4780 --- [main] com.hmall.item.ItemApplication           : The following 1 profile is active: "local"
14:07:03:409  INFO 4780 --- [main] o.s.cloud.context.scope.GenericScope     : BeanFactory id=0896a3c4-a260-3a14-abf3-a375d422cddf
14:07:04:313  INFO 4780 --- [main] o.s.b.w.embedded.tomcat.TomcatWebServer  : Tomcat initialized with port(s): 8081 (http)
14:07:04:341  INFO 4780 --- [main] o.apache.catalina.core.StandardService   : Starting service [Tomcat]
14:07:04:342  INFO 4780 --- [main] org.apache.catalina.core.StandardEngine  : Starting Servlet engine: [Apache Tomcat/9.0.75]
14:07:04:672  INFO 4780 --- [main] o.a.c.c.C.[Tomcat].[localhost].[/]       : Initializing Spring embedded WebApplicationContext
14:07:04:673  INFO 4780 --- [main] w.s.c.ServletWebServerApplicationContext : Root WebApplicationContext: initialization completed in 3503 ms
14:07:08:828  INFO 4780 --- [main] pertySourcedRequestMappingHandlerMapping : Mapped URL path [/v2/api-docs] onto method [springfox.documentation.swagger2.web.Swagger2ControllerWebMvc#getDocumentation(String, HttpServletRequest)]
14:07:10:374  INFO 4780 --- [main] com.alibaba.nacos.common.remote.client   : [RpcClientFactory] create a new rpc client of ad09fb0c-6ff7-4abd-b8c2-23dcf8c05d3f
14:07:10:498  INFO 4780 --- [main] org.reflections.Reflections              : Reflections took 67 ms to scan 1 urls, producing 3 keys and 6 values 
14:07:10:597  INFO 4780 --- [main] org.reflections.Reflections              : Reflections took 24 ms to scan 1 urls, producing 4 keys and 9 values 
14:07:10:627  INFO 4780 --- [main] org.reflections.Reflections              : Reflections took 21 ms to scan 1 urls, producing 3 keys and 10 values 
14:07:10:632  WARN 4780 --- [main] org.reflections.Reflections              : given scan urls are empty. set urls in the configuration
14:07:10:655  INFO 4780 --- [main] org.reflections.Reflections              : Reflections took 22 ms to scan 1 urls, producing 1 keys and 5 values 
14:07:10:681  INFO 4780 --- [main] org.reflections.Reflections              : Reflections took 19 ms to scan 1 urls, producing 1 keys and 7 values 
14:07:10:706  INFO 4780 --- [main] org.reflections.Reflections              : Reflections took 19 ms to scan 1 urls, producing 2 keys and 8 values 
14:07:10:711  WARN 4780 --- [main] org.reflections.Reflections              : given scan urls are empty. set urls in the configuration
14:07:10:712  INFO 4780 --- [main] com.alibaba.nacos.common.remote.client   : [ad09fb0c-6ff7-4abd-b8c2-23dcf8c05d3f] RpcClient init label, labels = {module=naming, source=sdk}
14:07:10:717  INFO 4780 --- [main] com.alibaba.nacos.common.remote.client   : [ad09fb0c-6ff7-4abd-b8c2-23dcf8c05d3f] RpcClient init, ServerListFactory = com.alibaba.nacos.client.naming.core.ServerListManager
14:07:10:717  INFO 4780 --- [main] com.alibaba.nacos.common.remote.client   : [ad09fb0c-6ff7-4abd-b8c2-23dcf8c05d3f] Registry connection listener to current client:com.alibaba.nacos.client.naming.remote.gprc.redo.NamingGrpcRedoService
14:07:10:719  INFO 4780 --- [main] com.alibaba.nacos.common.remote.client   : [ad09fb0c-6ff7-4abd-b8c2-23dcf8c05d3f] Register server push request handler:com.alibaba.nacos.client.naming.remote.gprc.NamingPushRequestHandler
14:07:10:723  INFO 4780 --- [main] com.alibaba.nacos.common.remote.client   : [ad09fb0c-6ff7-4abd-b8c2-23dcf8c05d3f] Try to connect to server on start up, server: {serverIp = '192.168.100.129', server main port = 8848}
14:07:13:873  INFO 4780 --- [main] com.alibaba.nacos.common.remote.client   : [ad09fb0c-6ff7-4abd-b8c2-23dcf8c05d3f] Success to connect to server [192.168.100.129:8848] on start up, connectionId = 1753423634437_192.168.100.1_2031
14:07:13:876  INFO 4780 --- [com.alibaba.nacos.client.remote.worker] com.alibaba.nacos.common.remote.client   : [ad09fb0c-6ff7-4abd-b8c2-23dcf8c05d3f] Notify connected event to listeners.
14:07:13:877  INFO 4780 --- [main] com.alibaba.nacos.common.remote.client   : [ad09fb0c-6ff7-4abd-b8c2-23dcf8c05d3f] Register server push request handler:com.alibaba.nacos.common.remote.client.RpcClient$ConnectResetRequestHandler
14:07:13:878  INFO 4780 --- [main] com.alibaba.nacos.common.remote.client   : [ad09fb0c-6ff7-4abd-b8c2-23dcf8c05d3f] Register server push request handler:com.alibaba.nacos.common.remote.client.RpcClient$$Lambda$936/0x000000084069f840
14:07:14:027  INFO 4780 --- [main] o.s.b.w.embedded.tomcat.TomcatWebServer  : Tomcat started on port(s): 8081 (http) with context path ''
14:07:14:044  INFO 4780 --- [main] c.a.c.n.registry.NacosServiceRegistry    : nacos registry, DEFAULT_GROUP item-service 192.168.0.68:8081 register finished
14:07:14:463  INFO 4780 --- [nacos-grpc-client-executor-9] com.alibaba.nacos.common.remote.client   : [ad09fb0c-6ff7-4abd-b8c2-23dcf8c05d3f] Receive server push request, request = NotifySubscriberRequest, requestId = 144
14:07:14:485  INFO 4780 --- [nacos-grpc-client-executor-9] com.alibaba.nacos.common.remote.client   : [ad09fb0c-6ff7-4abd-b8c2-23dcf8c05d3f] Ack server push request, request = NotifySubscriberRequest, requestId = 144
14:07:14:698  INFO 4780 --- [main] d.s.w.p.DocumentationPluginsBootstrapper : Documentation plugins bootstrapped
14:07:14:704  INFO 4780 --- [main] d.s.w.p.DocumentationPluginsBootstrapper : Found 1 custom documentation plugin(s)
14:07:14:759  INFO 4780 --- [main] s.d.s.w.s.ApiListingReferenceScanner     : Scanning for api listing references
14:07:15:063  INFO 4780 --- [main] com.hmall.item.ItemApplication           : Started ItemApplication in 15.771 seconds (JVM running for 17.947)
14:17:48:329  INFO 4780 --- [http-nio-8081-exec-1] o.a.c.c.C.[Tomcat].[localhost].[/]       : Initializing Spring DispatcherServlet 'dispatcherServlet'
14:17:48:333  INFO 4780 --- [http-nio-8081-exec-1] o.s.web.servlet.DispatcherServlet        : Initializing Servlet 'dispatcherServlet'
14:17:48:369  INFO 4780 --- [http-nio-8081-exec-1] o.s.web.servlet.DispatcherServlet        : Completed initialization in 36 ms
14:17:48:789  INFO 4780 --- [http-nio-8081-exec-1] com.zaxxer.hikari.HikariDataSource       : HikariPool-1 - Starting...
14:17:49:648  INFO 4780 --- [http-nio-8081-exec-1] com.zaxxer.hikari.HikariDataSource       : HikariPool-1 - Start completed.
14:17:49:662 DEBUG 4780 --- [http-nio-8081-exec-1] c.h.i.mapper.ItemMapper.selectBatchIds   : ==>  Preparing: SELECT id,name,price,stock,image,category,brand,spec,sold,comment_count,isAD,status,create_time,update_time,creater,updater FROM item WHERE id IN ( ? , ? )
14:17:49:705 DEBUG 4780 --- [http-nio-8081-exec-1] c.h.i.mapper.ItemMapper.selectBatchIds   : ==> Parameters: 100001511821(Long), 317578(Long)
14:17:49:755 DEBUG 4780 --- [http-nio-8081-exec-1] c.h.i.mapper.ItemMapper.selectBatchIds   : <==      Total: 2
14:17:55:374 DEBUG 4780 --- [http-nio-8081-exec-2] c.h.i.mapper.ItemMapper.selectBatchIds   : ==>  Preparing: SELECT id,name,price,stock,image,category,brand,spec,sold,comment_count,isAD,status,create_time,update_time,creater,updater FROM item WHERE id IN ( ? , ? )
14:17:55:376 DEBUG 4780 --- [http-nio-8081-exec-2] c.h.i.mapper.ItemMapper.selectBatchIds   : ==> Parameters: 100001511821(Long), 317578(Long)
14:17:55:387 DEBUG 4780 --- [http-nio-8081-exec-2] c.h.i.mapper.ItemMapper.selectBatchIds   : <==      Total: 2
14:24:42:211 DEBUG 4780 --- [http-nio-8081-exec-4] c.h.i.mapper.ItemMapper.selectBatchIds   : ==>  Preparing: SELECT id,name,price,stock,image,category,brand,spec,sold,comment_count,isAD,status,create_time,update_time,creater,updater FROM item WHERE id IN ( ? , ? )
14:24:42:212 DEBUG 4780 --- [http-nio-8081-exec-4] c.h.i.mapper.ItemMapper.selectBatchIds   : ==> Parameters: 100001511821(Long), 317578(Long)
14:24:42:216 DEBUG 4780 --- [http-nio-8081-exec-4] c.h.i.mapper.ItemMapper.selectBatchIds   : <==      Total: 2
14:24:43:786 DEBUG 4780 --- [http-nio-8081-exec-5] c.h.i.mapper.ItemMapper.selectBatchIds   : ==>  Preparing: SELECT id,name,price,stock,image,category,brand,spec,sold,comment_count,isAD,status,create_time,update_time,creater,updater FROM item WHERE id IN ( ? , ? )
14:24:43:787 DEBUG 4780 --- [http-nio-8081-exec-5] c.h.i.mapper.ItemMapper.selectBatchIds   : ==> Parameters: 100001511821(Long), 317578(Long)
14:24:43:794 DEBUG 4780 --- [http-nio-8081-exec-5] c.h.i.mapper.ItemMapper.selectBatchIds   : <==      Total: 2
14:24:52:940 DEBUG 4780 --- [http-nio-8081-exec-6] c.h.i.mapper.ItemMapper.selectBatchIds   : ==>  Preparing: SELECT id,name,price,stock,image,category,brand,spec,sold,comment_count,isAD,status,create_time,update_time,creater,updater FROM item WHERE id IN ( ? , ? )
14:24:52:941 DEBUG 4780 --- [http-nio-8081-exec-6] c.h.i.mapper.ItemMapper.selectBatchIds   : ==> Parameters: 100001511821(Long), 317578(Long)
14:24:52:944 DEBUG 4780 --- [http-nio-8081-exec-6] c.h.i.mapper.ItemMapper.selectBatchIds   : <==      Total: 2
14:24:54:032 DEBUG 4780 --- [http-nio-8081-exec-7] c.h.i.mapper.ItemMapper.selectBatchIds   : ==>  Preparing: SELECT id,name,price,stock,image,category,brand,spec,sold,comment_count,isAD,status,create_time,update_time,creater,updater FROM item WHERE id IN ( ? , ? )
14:24:54:033 DEBUG 4780 --- [http-nio-8081-exec-7] c.h.i.mapper.ItemMapper.selectBatchIds   : ==> Parameters: 100001511821(Long), 317578(Long)
14:24:54:038 DEBUG 4780 --- [http-nio-8081-exec-7] c.h.i.mapper.ItemMapper.selectBatchIds   : <==      Total: 2
14:24:58:204 DEBUG 4780 --- [http-nio-8081-exec-8] c.h.i.mapper.ItemMapper.selectBatchIds   : ==>  Preparing: SELECT id,name,price,stock,image,category,brand,spec,sold,comment_count,isAD,status,create_time,update_time,creater,updater FROM item WHERE id IN ( ? , ? )
14:24:58:205 DEBUG 4780 --- [http-nio-8081-exec-8] c.h.i.mapper.ItemMapper.selectBatchIds   : ==> Parameters: 100001511821(Long), 317578(Long)
14:24:58:210 DEBUG 4780 --- [http-nio-8081-exec-8] c.h.i.mapper.ItemMapper.selectBatchIds   : <==      Total: 2
14:26:05:667 DEBUG 4780 --- [http-nio-8081-exec-10] c.h.i.mapper.ItemMapper.selectBatchIds   : ==>  Preparing: SELECT id,name,price,stock,image,category,brand,spec,sold,comment_count,isAD,status,create_time,update_time,creater,updater FROM item WHERE id IN ( ? , ? )
14:26:05:671 DEBUG 4780 --- [http-nio-8081-exec-10] c.h.i.mapper.ItemMapper.selectBatchIds   : ==> Parameters: 100001511821(Long), 317578(Long)
14:26:05:706 DEBUG 4780 --- [http-nio-8081-exec-10] c.h.i.mapper.ItemMapper.selectBatchIds   : <==      Total: 2
14:26:09:605 DEBUG 4780 --- [http-nio-8081-exec-1] c.h.i.mapper.ItemMapper.selectBatchIds   : ==>  Preparing: SELECT id,name,price,stock,image,category,brand,spec,sold,comment_count,isAD,status,create_time,update_time,creater,updater FROM item WHERE id IN ( ? , ? )
14:26:09:607 DEBUG 4780 --- [http-nio-8081-exec-1] c.h.i.mapper.ItemMapper.selectBatchIds   : ==> Parameters: 100001511821(Long), 317578(Long)
14:26:09:611 DEBUG 4780 --- [http-nio-8081-exec-1] c.h.i.mapper.ItemMapper.selectBatchIds   : <==      Total: 2
14:26:12:840 DEBUG 4780 --- [http-nio-8081-exec-2] c.h.i.mapper.ItemMapper.selectBatchIds   : ==>  Preparing: SELECT id,name,price,stock,image,category,brand,spec,sold,comment_count,isAD,status,create_time,update_time,creater,updater FROM item WHERE id IN ( ? , ? )
14:26:12:841 DEBUG 4780 --- [http-nio-8081-exec-2] c.h.i.mapper.ItemMapper.selectBatchIds   : ==> Parameters: 100001511821(Long), 317578(Long)
14:26:12:844 DEBUG 4780 --- [http-nio-8081-exec-2] c.h.i.mapper.ItemMapper.selectBatchIds   : <==      Total: 2
14:53:21:208 DEBUG 4780 --- [http-nio-8081-exec-4] c.h.i.mapper.ItemMapper.selectBatchIds   : ==>  Preparing: SELECT id,name,price,stock,image,category,brand,spec,sold,comment_count,isAD,status,create_time,update_time,creater,updater FROM item WHERE id IN ( ? , ? )
14:53:21:218 DEBUG 4780 --- [http-nio-8081-exec-4] c.h.i.mapper.ItemMapper.selectBatchIds   : ==> Parameters: 100001511821(Long), 317578(Long)
14:53:21:233 DEBUG 4780 --- [http-nio-8081-exec-4] c.h.i.mapper.ItemMapper.selectBatchIds   : <==      Total: 2
14:53:38:438 DEBUG 4780 --- [http-nio-8081-exec-5] c.h.i.mapper.ItemMapper.selectBatchIds   : ==>  Preparing: SELECT id,name,price,stock,image,category,brand,spec,sold,comment_count,isAD,status,create_time,update_time,creater,updater FROM item WHERE id IN ( ? , ? )
14:53:38:439 DEBUG 4780 --- [http-nio-8081-exec-5] c.h.i.mapper.ItemMapper.selectBatchIds   : ==> Parameters: 100001511821(Long), 317578(Long)
14:53:38:443 DEBUG 4780 --- [http-nio-8081-exec-5] c.h.i.mapper.ItemMapper.selectBatchIds   : <==      Total: 2
14:53:40:345 DEBUG 4780 --- [http-nio-8081-exec-6] c.h.i.mapper.ItemMapper.selectBatchIds   : ==>  Preparing: SELECT id,name,price,stock,image,category,brand,spec,sold,comment_count,isAD,status,create_time,update_time,creater,updater FROM item WHERE id IN ( ? , ? )
14:53:40:346 DEBUG 4780 --- [http-nio-8081-exec-6] c.h.i.mapper.ItemMapper.selectBatchIds   : ==> Parameters: 100001511821(Long), 317578(Long)
14:53:40:350 DEBUG 4780 --- [http-nio-8081-exec-6] c.h.i.mapper.ItemMapper.selectBatchIds   : <==      Total: 2
14:53:43:076 DEBUG 4780 --- [http-nio-8081-exec-7] c.h.i.mapper.ItemMapper.selectBatchIds   : ==>  Preparing: SELECT id,name,price,stock,image,category,brand,spec,sold,comment_count,isAD,status,create_time,update_time,creater,updater FROM item WHERE id IN ( ? )
14:53:43:077 DEBUG 4780 --- [http-nio-8081-exec-7] c.h.i.mapper.ItemMapper.selectBatchIds   : ==> Parameters: 317578(Long)
14:53:43:078 DEBUG 4780 --- [http-nio-8081-exec-7] c.h.i.mapper.ItemMapper.selectBatchIds   : <==      Total: 1
14:53:45:209 DEBUG 4780 --- [http-nio-8081-exec-8] c.h.i.mapper.ItemMapper.selectBatchIds   : ==>  Preparing: SELECT id,name,price,stock,image,category,brand,spec,sold,comment_count,isAD,status,create_time,update_time,creater,updater FROM item WHERE id IN ( ? )
14:53:45:210 DEBUG 4780 --- [http-nio-8081-exec-8] c.h.i.mapper.ItemMapper.selectBatchIds   : ==> Parameters: 317578(Long)
14:53:45:213 DEBUG 4780 --- [http-nio-8081-exec-8] c.h.i.mapper.ItemMapper.selectBatchIds   : <==      Total: 1
14:53:47:335 DEBUG 4780 --- [http-nio-8081-exec-9] c.h.i.m.ItemMapper.selectPage_mpCount    : ==>  Preparing: SELECT COUNT(*) FROM item WHERE (status = ?)
14:53:47:339 DEBUG 4780 --- [http-nio-8081-exec-9] c.h.i.m.ItemMapper.selectPage_mpCount    : ==> Parameters: 1(Integer)
14:53:47:366 DEBUG 4780 --- [http-nio-8081-exec-9] c.h.i.m.ItemMapper.selectPage_mpCount    : <==      Total: 1
14:53:47:392 DEBUG 4780 --- [http-nio-8081-exec-9] c.h.item.mapper.ItemMapper.selectPage    : ==>  Preparing: SELECT id, name, price, stock, image, category, brand, spec, sold, comment_count, isAD, status, create_time, update_time, creater, updater FROM item WHERE (status = ?) ORDER BY update_time DESC LIMIT ?
14:53:47:392 DEBUG 4780 --- [http-nio-8081-exec-9] c.h.item.mapper.ItemMapper.selectPage    : ==> Parameters: 1(Integer), 20(Long)
14:53:47:400 DEBUG 4780 --- [http-nio-8081-exec-9] c.h.item.mapper.ItemMapper.selectPage    : <==      Total: 20
14:53:51:525 DEBUG 4780 --- [http-nio-8081-exec-10] c.h.i.mapper.ItemMapper.selectBatchIds   : ==>  Preparing: SELECT id,name,price,stock,image,category,brand,spec,sold,comment_count,isAD,status,create_time,update_time,creater,updater FROM item WHERE id IN ( ? , ? )
14:53:51:525 DEBUG 4780 --- [http-nio-8081-exec-10] c.h.i.mapper.ItemMapper.selectBatchIds   : ==> Parameters: 5001207(Long), 317578(Long)
14:53:51:529 DEBUG 4780 --- [http-nio-8081-exec-10] c.h.i.mapper.ItemMapper.selectBatchIds   : <==      Total: 2
15:23:45:512  WARN 4780 --- [Thread-4] c.a.nacos.common.notify.NotifyCenter     : [NotifyCenter] Start destroying Publisher
15:23:45:511  WARN 4780 --- [Thread-7] c.a.n.common.http.HttpClientBeanHolder   : [HttpClientBeanHolder] Start destroying common HttpClient
15:23:45:520  WARN 4780 --- [Thread-4] c.a.nacos.common.notify.NotifyCenter     : [NotifyCenter] Destruction of the end
15:23:45:528  WARN 4780 --- [Thread-7] c.a.n.common.http.HttpClientBeanHolder   : [HttpClientBeanHolder] Destruction of the end
15:23:45:953  INFO 4780 --- [SpringApplicationShutdownHook] c.a.c.n.registry.NacosServiceRegistry    : De-registering from Nacos Server now...
15:23:45:959  INFO 4780 --- [SpringApplicationShutdownHook] c.a.c.n.registry.NacosServiceRegistry    : De-registration finished.
15:23:46:293  INFO 4780 --- [SpringApplicationShutdownHook] com.alibaba.nacos.common.remote.client   : Shutdown rpc client, set status to shutdown
15:23:46:294  INFO 4780 --- [SpringApplicationShutdownHook] com.alibaba.nacos.common.remote.client   : Shutdown client event executor java.util.concurrent.ScheduledThreadPoolExecutor@24166cb0[Running, pool size = 2, active threads = 2, queued tasks = 0, completed tasks = 0]
15:23:46:294  INFO 4780 --- [SpringApplicationShutdownHook] com.alibaba.nacos.common.remote.client   : Close current connection 1753423634437_192.168.100.1_2031
15:23:46:299  INFO 4780 --- [nacos-grpc-client-executor-944] c.a.n.c.remote.client.grpc.GrpcClient    : [1753423634437_192.168.100.1_2031]Ignore complete event,isRunning:false,isAbandon=false
15:23:46:334  INFO 4780 --- [SpringApplicationShutdownHook] c.a.n.c.remote.client.grpc.GrpcClient    : Shutdown grpc executor java.util.concurrent.ThreadPoolExecutor@4f754ad6[Running, pool size = 5, active threads = 0, queued tasks = 0, completed tasks = 945]
15:23:46:347  INFO 4780 --- [SpringApplicationShutdownHook] com.zaxxer.hikari.HikariDataSource       : HikariPool-1 - Shutdown initiated...
15:23:46:366  INFO 4780 --- [SpringApplicationShutdownHook] com.zaxxer.hikari.HikariDataSource       : HikariPool-1 - Shutdown completed.
15:23:54:548  INFO 31768 --- [main] com.hmall.item.ItemApplication           : Starting ItemApplication using Java 11.0.27 on DESKTOP-6L1JE0T with PID 31768 (C:\hmall\hmall\item-service\target\classes started by xlt in C:\hmall\hmall)
15:23:54:549 DEBUG 31768 --- [main] com.hmall.item.ItemApplication           : Running with Spring Boot v2.7.12, Spring v5.3.27
15:23:54:549  INFO 31768 --- [main] com.hmall.item.ItemApplication           : The following 1 profile is active: "local"
15:23:55:732  INFO 31768 --- [main] o.s.cloud.context.scope.GenericScope     : BeanFactory id=0896a3c4-a260-3a14-abf3-a375d422cddf
15:23:56:258  INFO 31768 --- [main] o.s.b.w.embedded.tomcat.TomcatWebServer  : Tomcat initialized with port(s): 8081 (http)
15:23:56:273  INFO 31768 --- [main] o.apache.catalina.core.StandardService   : Starting service [Tomcat]
15:23:56:273  INFO 31768 --- [main] org.apache.catalina.core.StandardEngine  : Starting Servlet engine: [Apache Tomcat/9.0.75]
15:23:56:429  INFO 31768 --- [main] o.a.c.c.C.[Tomcat].[localhost].[/]       : Initializing Spring embedded WebApplicationContext
15:23:56:429  INFO 31768 --- [main] w.s.c.ServletWebServerApplicationContext : Root WebApplicationContext: initialization completed in 1827 ms
15:23:58:472  INFO 31768 --- [main] pertySourcedRequestMappingHandlerMapping : Mapped URL path [/v2/api-docs] onto method [springfox.documentation.swagger2.web.Swagger2ControllerWebMvc#getDocumentation(String, HttpServletRequest)]
15:23:59:063  INFO 31768 --- [main] com.alibaba.nacos.common.remote.client   : [RpcClientFactory] create a new rpc client of 0e469ffc-6d12-4218-a618-a4c3af5c46e3
15:23:59:118  INFO 31768 --- [main] org.reflections.Reflections              : Reflections took 32 ms to scan 1 urls, producing 3 keys and 6 values 
15:23:59:161  INFO 31768 --- [main] org.reflections.Reflections              : Reflections took 25 ms to scan 1 urls, producing 4 keys and 9 values 
15:23:59:174  INFO 31768 --- [main] org.reflections.Reflections              : Reflections took 10 ms to scan 1 urls, producing 3 keys and 10 values 
15:23:59:178  WARN 31768 --- [main] org.reflections.Reflections              : given scan urls are empty. set urls in the configuration
15:23:59:188  INFO 31768 --- [main] org.reflections.Reflections              : Reflections took 9 ms to scan 1 urls, producing 1 keys and 5 values 
15:23:59:199  INFO 31768 --- [main] org.reflections.Reflections              : Reflections took 9 ms to scan 1 urls, producing 1 keys and 7 values 
15:23:59:211  INFO 31768 --- [main] org.reflections.Reflections              : Reflections took 10 ms to scan 1 urls, producing 2 keys and 8 values 
15:23:59:214  WARN 31768 --- [main] org.reflections.Reflections              : given scan urls are empty. set urls in the configuration
15:23:59:217  INFO 31768 --- [main] com.alibaba.nacos.common.remote.client   : [0e469ffc-6d12-4218-a618-a4c3af5c46e3] RpcClient init label, labels = {module=naming, source=sdk}
15:23:59:220  INFO 31768 --- [main] com.alibaba.nacos.common.remote.client   : [0e469ffc-6d12-4218-a618-a4c3af5c46e3] RpcClient init, ServerListFactory = com.alibaba.nacos.client.naming.core.ServerListManager
15:23:59:220  INFO 31768 --- [main] com.alibaba.nacos.common.remote.client   : [0e469ffc-6d12-4218-a618-a4c3af5c46e3] Registry connection listener to current client:com.alibaba.nacos.client.naming.remote.gprc.redo.NamingGrpcRedoService
15:23:59:221  INFO 31768 --- [main] com.alibaba.nacos.common.remote.client   : [0e469ffc-6d12-4218-a618-a4c3af5c46e3] Register server push request handler:com.alibaba.nacos.client.naming.remote.gprc.NamingPushRequestHandler
15:23:59:224  INFO 31768 --- [main] com.alibaba.nacos.common.remote.client   : [0e469ffc-6d12-4218-a618-a4c3af5c46e3] Try to connect to server on start up, server: {serverIp = '192.168.100.129', server main port = 8848}
15:24:00:909  INFO 31768 --- [main] com.alibaba.nacos.common.remote.client   : [0e469ffc-6d12-4218-a618-a4c3af5c46e3] Success to connect to server [192.168.100.129:8848] on start up, connectionId = 1753428241561_192.168.100.1_14053
15:24:00:910  INFO 31768 --- [com.alibaba.nacos.client.remote.worker] com.alibaba.nacos.common.remote.client   : [0e469ffc-6d12-4218-a618-a4c3af5c46e3] Notify connected event to listeners.
15:24:00:912  INFO 31768 --- [main] com.alibaba.nacos.common.remote.client   : [0e469ffc-6d12-4218-a618-a4c3af5c46e3] Register server push request handler:com.alibaba.nacos.common.remote.client.RpcClient$ConnectResetRequestHandler
15:24:00:913  INFO 31768 --- [main] com.alibaba.nacos.common.remote.client   : [0e469ffc-6d12-4218-a618-a4c3af5c46e3] Register server push request handler:com.alibaba.nacos.common.remote.client.RpcClient$$Lambda$936/0x000000084061a440
15:24:00:981  INFO 31768 --- [main] o.s.b.w.embedded.tomcat.TomcatWebServer  : Tomcat started on port(s): 8081 (http) with context path ''
15:24:00:991  INFO 31768 --- [main] c.a.c.n.registry.NacosServiceRegistry    : nacos registry, DEFAULT_GROUP item-service 192.168.0.68:8081 register finished
15:24:01:324  INFO 31768 --- [main] d.s.w.p.DocumentationPluginsBootstrapper : Documentation plugins bootstrapped
15:24:01:327  INFO 31768 --- [main] d.s.w.p.DocumentationPluginsBootstrapper : Found 1 custom documentation plugin(s)
15:24:01:372  INFO 31768 --- [main] s.d.s.w.s.ApiListingReferenceScanner     : Scanning for api listing references
15:24:01:484  INFO 31768 --- [nacos-grpc-client-executor-9] com.alibaba.nacos.common.remote.client   : [0e469ffc-6d12-4218-a618-a4c3af5c46e3] Receive server push request, request = NotifySubscriberRequest, requestId = 171
15:24:01:494  INFO 31768 --- [nacos-grpc-client-executor-9] com.alibaba.nacos.common.remote.client   : [0e469ffc-6d12-4218-a618-a4c3af5c46e3] Ack server push request, request = NotifySubscriberRequest, requestId = 171
15:24:01:524  INFO 31768 --- [main] com.hmall.item.ItemApplication           : Started ItemApplication in 7.997 seconds (JVM running for 11.022)
15:24:20:633  INFO 31768 --- [http-nio-8081-exec-1] o.a.c.c.C.[Tomcat].[localhost].[/]       : Initializing Spring DispatcherServlet 'dispatcherServlet'
15:24:20:633  INFO 31768 --- [http-nio-8081-exec-1] o.s.web.servlet.DispatcherServlet        : Initializing Servlet 'dispatcherServlet'
15:24:20:635  INFO 31768 --- [http-nio-8081-exec-1] o.s.web.servlet.DispatcherServlet        : Completed initialization in 2 ms
15:24:20:735  INFO 31768 --- [http-nio-8081-exec-1] com.zaxxer.hikari.HikariDataSource       : HikariPool-1 - Starting...
15:24:21:290  INFO 31768 --- [http-nio-8081-exec-1] com.zaxxer.hikari.HikariDataSource       : HikariPool-1 - Start completed.
15:24:21:302 DEBUG 31768 --- [http-nio-8081-exec-1] c.h.i.mapper.ItemMapper.selectBatchIds   : ==>  Preparing: SELECT id,name,price,stock,image,category,brand,spec,sold,comment_count,isAD,status,create_time,update_time,creater,updater FROM item WHERE id IN ( ? , ? )
15:24:21:346 DEBUG 31768 --- [http-nio-8081-exec-1] c.h.i.mapper.ItemMapper.selectBatchIds   : ==> Parameters: 5001207(Long), 317578(Long)
15:24:21:389 DEBUG 31768 --- [http-nio-8081-exec-1] c.h.i.mapper.ItemMapper.selectBatchIds   : <==      Total: 2
15:24:24:471 DEBUG 31768 --- [http-nio-8081-exec-4] c.h.i.mapper.ItemMapper.selectBatchIds   : ==>  Preparing: SELECT id,name,price,stock,image,category,brand,spec,sold,comment_count,isAD,status,create_time,update_time,creater,updater FROM item WHERE id IN ( ? , ? )
15:24:24:473 DEBUG 31768 --- [http-nio-8081-exec-4] c.h.i.mapper.ItemMapper.selectBatchIds   : ==> Parameters: 5001207(Long), 317578(Long)
15:24:24:480 DEBUG 31768 --- [http-nio-8081-exec-4] c.h.i.mapper.ItemMapper.selectBatchIds   : <==      Total: 2
15:24:25:997 DEBUG 31768 --- [http-nio-8081-exec-3] c.h.i.mapper.ItemMapper.selectBatchIds   : ==>  Preparing: SELECT id,name,price,stock,image,category,brand,spec,sold,comment_count,isAD,status,create_time,update_time,creater,updater FROM item WHERE id IN ( ? , ? )
15:24:25:998 DEBUG 31768 --- [http-nio-8081-exec-3] c.h.i.mapper.ItemMapper.selectBatchIds   : ==> Parameters: 5001207(Long), 317578(Long)
15:24:26:001 DEBUG 31768 --- [http-nio-8081-exec-3] c.h.i.mapper.ItemMapper.selectBatchIds   : <==      Total: 2
15:24:30:488 DEBUG 31768 --- [http-nio-8081-exec-2] c.h.i.mapper.ItemMapper.selectBatchIds   : ==>  Preparing: SELECT id,name,price,stock,image,category,brand,spec,sold,comment_count,isAD,status,create_time,update_time,creater,updater FROM item WHERE id IN ( ? , ? )
15:24:30:488 DEBUG 31768 --- [http-nio-8081-exec-2] c.h.i.mapper.ItemMapper.selectBatchIds   : ==> Parameters: 5001207(Long), 317578(Long)
15:24:30:492 DEBUG 31768 --- [http-nio-8081-exec-2] c.h.i.mapper.ItemMapper.selectBatchIds   : <==      Total: 2
15:24:33:716 DEBUG 31768 --- [http-nio-8081-exec-5] c.h.i.mapper.ItemMapper.selectBatchIds   : ==>  Preparing: SELECT id,name,price,stock,image,category,brand,spec,sold,comment_count,isAD,status,create_time,update_time,creater,updater FROM item WHERE id IN ( ? , ? )
15:24:33:716 DEBUG 31768 --- [http-nio-8081-exec-5] c.h.i.mapper.ItemMapper.selectBatchIds   : ==> Parameters: 5001207(Long), 317578(Long)
15:24:33:719 DEBUG 31768 --- [http-nio-8081-exec-5] c.h.i.mapper.ItemMapper.selectBatchIds   : <==      Total: 2
15:24:36:552 DEBUG 31768 --- [http-nio-8081-exec-6] c.h.i.mapper.ItemMapper.selectBatchIds   : ==>  Preparing: SELECT id,name,price,stock,image,category,brand,spec,sold,comment_count,isAD,status,create_time,update_time,creater,updater FROM item WHERE id IN ( ? , ? )
15:24:36:553 DEBUG 31768 --- [http-nio-8081-exec-6] c.h.i.mapper.ItemMapper.selectBatchIds   : ==> Parameters: 5001207(Long), 317578(Long)
15:24:36:558 DEBUG 31768 --- [http-nio-8081-exec-6] c.h.i.mapper.ItemMapper.selectBatchIds   : <==      Total: 2
15:25:25:124  WARN 31768 --- [Thread-4] c.a.nacos.common.notify.NotifyCenter     : [NotifyCenter] Start destroying Publisher
15:25:25:124  WARN 31768 --- [Thread-7] c.a.n.common.http.HttpClientBeanHolder   : [HttpClientBeanHolder] Start destroying common HttpClient
15:25:25:124  WARN 31768 --- [Thread-4] c.a.nacos.common.notify.NotifyCenter     : [NotifyCenter] Destruction of the end
15:25:25:128  WARN 31768 --- [Thread-7] c.a.n.common.http.HttpClientBeanHolder   : [HttpClientBeanHolder] Destruction of the end
15:25:25:356  INFO 31768 --- [SpringApplicationShutdownHook] c.a.c.n.registry.NacosServiceRegistry    : De-registering from Nacos Server now...
15:25:25:359  INFO 31768 --- [SpringApplicationShutdownHook] c.a.c.n.registry.NacosServiceRegistry    : De-registration finished.
15:25:25:683  INFO 31768 --- [SpringApplicationShutdownHook] com.alibaba.nacos.common.remote.client   : Shutdown rpc client, set status to shutdown
15:25:25:683  INFO 31768 --- [SpringApplicationShutdownHook] com.alibaba.nacos.common.remote.client   : Shutdown client event executor java.util.concurrent.ScheduledThreadPoolExecutor@72764295[Running, pool size = 2, active threads = 2, queued tasks = 0, completed tasks = 0]
15:25:25:683  INFO 31768 --- [SpringApplicationShutdownHook] com.alibaba.nacos.common.remote.client   : Close current connection 1753428241561_192.168.100.1_14053
15:25:25:685  INFO 31768 --- [nacos-grpc-client-executor-30] c.a.n.c.remote.client.grpc.GrpcClient    : [1753428241561_192.168.100.1_14053]Ignore complete event,isRunning:false,isAbandon=false
15:25:25:695  INFO 31768 --- [SpringApplicationShutdownHook] c.a.n.c.remote.client.grpc.GrpcClient    : Shutdown grpc executor java.util.concurrent.ThreadPoolExecutor@2a52aac7[Running, pool size = 5, active threads = 0, queued tasks = 0, completed tasks = 31]
15:25:25:703  INFO 31768 --- [SpringApplicationShutdownHook] com.zaxxer.hikari.HikariDataSource       : HikariPool-1 - Shutdown initiated...
15:25:25:716  INFO 31768 --- [SpringApplicationShutdownHook] com.zaxxer.hikari.HikariDataSource       : HikariPool-1 - Shutdown completed.
15:25:33:187  INFO 30480 --- [main] com.hmall.item.ItemApplication           : Starting ItemApplication using Java 11.0.27 on DESKTOP-6L1JE0T with PID 30480 (C:\hmall\hmall\item-service\target\classes started by xlt in C:\hmall\hmall)
15:25:33:188 DEBUG 30480 --- [main] com.hmall.item.ItemApplication           : Running with Spring Boot v2.7.12, Spring v5.3.27
15:25:33:188  INFO 30480 --- [main] com.hmall.item.ItemApplication           : The following 1 profile is active: "local"
15:25:34:434  INFO 30480 --- [main] o.s.cloud.context.scope.GenericScope     : BeanFactory id=0896a3c4-a260-3a14-abf3-a375d422cddf
15:25:34:884  INFO 30480 --- [main] o.s.b.w.embedded.tomcat.TomcatWebServer  : Tomcat initialized with port(s): 8081 (http)
15:25:34:897  INFO 30480 --- [main] o.apache.catalina.core.StandardService   : Starting service [Tomcat]
15:25:34:897  INFO 30480 --- [main] org.apache.catalina.core.StandardEngine  : Starting Servlet engine: [Apache Tomcat/9.0.75]
15:25:35:042  INFO 30480 --- [main] o.a.c.c.C.[Tomcat].[localhost].[/]       : Initializing Spring embedded WebApplicationContext
15:25:35:043  INFO 30480 --- [main] w.s.c.ServletWebServerApplicationContext : Root WebApplicationContext: initialization completed in 1790 ms
15:25:37:020  INFO 30480 --- [main] pertySourcedRequestMappingHandlerMapping : Mapped URL path [/v2/api-docs] onto method [springfox.documentation.swagger2.web.Swagger2ControllerWebMvc#getDocumentation(String, HttpServletRequest)]
15:25:37:621  INFO 30480 --- [main] com.alibaba.nacos.common.remote.client   : [RpcClientFactory] create a new rpc client of d525e373-a94b-4dc5-89d5-a854906ca936
15:25:37:669  INFO 30480 --- [main] org.reflections.Reflections              : Reflections took 29 ms to scan 1 urls, producing 3 keys and 6 values 
15:25:37:712  INFO 30480 --- [main] org.reflections.Reflections              : Reflections took 25 ms to scan 1 urls, producing 4 keys and 9 values 
15:25:37:722  INFO 30480 --- [main] org.reflections.Reflections              : Reflections took 7 ms to scan 1 urls, producing 3 keys and 10 values 
15:25:37:726  WARN 30480 --- [main] org.reflections.Reflections              : given scan urls are empty. set urls in the configuration
15:25:37:733  INFO 30480 --- [main] org.reflections.Reflections              : Reflections took 7 ms to scan 1 urls, producing 1 keys and 5 values 
15:25:37:746  INFO 30480 --- [main] org.reflections.Reflections              : Reflections took 10 ms to scan 1 urls, producing 1 keys and 7 values 
15:25:37:758  INFO 30480 --- [main] org.reflections.Reflections              : Reflections took 8 ms to scan 1 urls, producing 2 keys and 8 values 
15:25:37:760  WARN 30480 --- [main] org.reflections.Reflections              : given scan urls are empty. set urls in the configuration
15:25:37:763  INFO 30480 --- [main] com.alibaba.nacos.common.remote.client   : [d525e373-a94b-4dc5-89d5-a854906ca936] RpcClient init label, labels = {module=naming, source=sdk}
15:25:37:765  INFO 30480 --- [main] com.alibaba.nacos.common.remote.client   : [d525e373-a94b-4dc5-89d5-a854906ca936] RpcClient init, ServerListFactory = com.alibaba.nacos.client.naming.core.ServerListManager
15:25:37:765  INFO 30480 --- [main] com.alibaba.nacos.common.remote.client   : [d525e373-a94b-4dc5-89d5-a854906ca936] Registry connection listener to current client:com.alibaba.nacos.client.naming.remote.gprc.redo.NamingGrpcRedoService
15:25:37:766  INFO 30480 --- [main] com.alibaba.nacos.common.remote.client   : [d525e373-a94b-4dc5-89d5-a854906ca936] Register server push request handler:com.alibaba.nacos.client.naming.remote.gprc.NamingPushRequestHandler
15:25:37:768  INFO 30480 --- [main] com.alibaba.nacos.common.remote.client   : [d525e373-a94b-4dc5-89d5-a854906ca936] Try to connect to server on start up, server: {serverIp = '192.168.100.129', server main port = 8848}
15:25:39:380  INFO 30480 --- [main] com.alibaba.nacos.common.remote.client   : [d525e373-a94b-4dc5-89d5-a854906ca936] Success to connect to server [192.168.100.129:8848] on start up, connectionId = 1753428340039_192.168.100.1_14379
15:25:39:381  INFO 30480 --- [com.alibaba.nacos.client.remote.worker] com.alibaba.nacos.common.remote.client   : [d525e373-a94b-4dc5-89d5-a854906ca936] Notify connected event to listeners.
15:25:39:383  INFO 30480 --- [main] com.alibaba.nacos.common.remote.client   : [d525e373-a94b-4dc5-89d5-a854906ca936] Register server push request handler:com.alibaba.nacos.common.remote.client.RpcClient$ConnectResetRequestHandler
15:25:39:384  INFO 30480 --- [main] com.alibaba.nacos.common.remote.client   : [d525e373-a94b-4dc5-89d5-a854906ca936] Register server push request handler:com.alibaba.nacos.common.remote.client.RpcClient$$Lambda$936/0x000000084061a040
15:25:39:452  INFO 30480 --- [main] o.s.b.w.embedded.tomcat.TomcatWebServer  : Tomcat started on port(s): 8081 (http) with context path ''
15:25:39:463  INFO 30480 --- [main] c.a.c.n.registry.NacosServiceRegistry    : nacos registry, DEFAULT_GROUP item-service 192.168.0.68:8081 register finished
15:25:39:782  INFO 30480 --- [main] d.s.w.p.DocumentationPluginsBootstrapper : Documentation plugins bootstrapped
15:25:39:785  INFO 30480 --- [main] d.s.w.p.DocumentationPluginsBootstrapper : Found 1 custom documentation plugin(s)
15:25:39:826  INFO 30480 --- [main] s.d.s.w.s.ApiListingReferenceScanner     : Scanning for api listing references
15:25:39:968  INFO 30480 --- [main] com.hmall.item.ItemApplication           : Started ItemApplication in 7.779 seconds (JVM running for 10.719)
15:25:40:016  INFO 30480 --- [nacos-grpc-client-executor-9] com.alibaba.nacos.common.remote.client   : [d525e373-a94b-4dc5-89d5-a854906ca936] Receive server push request, request = NotifySubscriberRequest, requestId = 176
15:25:40:027  INFO 30480 --- [nacos-grpc-client-executor-9] com.alibaba.nacos.common.remote.client   : [d525e373-a94b-4dc5-89d5-a854906ca936] Ack server push request, request = NotifySubscriberRequest, requestId = 176
15:27:02:823  INFO 30480 --- [http-nio-8081-exec-1] o.a.c.c.C.[Tomcat].[localhost].[/]       : Initializing Spring DispatcherServlet 'dispatcherServlet'
15:27:02:824  INFO 30480 --- [http-nio-8081-exec-1] o.s.web.servlet.DispatcherServlet        : Initializing Servlet 'dispatcherServlet'
15:27:02:826  INFO 30480 --- [http-nio-8081-exec-1] o.s.web.servlet.DispatcherServlet        : Completed initialization in 2 ms
15:27:03:432  INFO 30480 --- [http-nio-8081-exec-1] com.zaxxer.hikari.HikariDataSource       : HikariPool-1 - Starting...
15:27:03:801  INFO 30480 --- [http-nio-8081-exec-1] com.zaxxer.hikari.HikariDataSource       : HikariPool-1 - Start completed.
15:27:03:808 DEBUG 30480 --- [http-nio-8081-exec-1] c.h.i.mapper.ItemMapper.selectBatchIds   : ==>  Preparing: SELECT id,name,price,stock,image,category,brand,spec,sold,comment_count,isAD,status,create_time,update_time,creater,updater FROM item WHERE id IN ( ? , ? )
15:27:03:830 DEBUG 30480 --- [http-nio-8081-exec-1] c.h.i.mapper.ItemMapper.selectBatchIds   : ==> Parameters: 5001207(Long), 317578(Long)
15:27:03:856 DEBUG 30480 --- [http-nio-8081-exec-1] c.h.i.mapper.ItemMapper.selectBatchIds   : <==      Total: 2
15:27:08:470 DEBUG 30480 --- [http-nio-8081-exec-2] c.h.i.mapper.ItemMapper.selectBatchIds   : ==>  Preparing: SELECT id,name,price,stock,image,category,brand,spec,sold,comment_count,isAD,status,create_time,update_time,creater,updater FROM item WHERE id IN ( ? , ? )
15:27:08:471 DEBUG 30480 --- [http-nio-8081-exec-2] c.h.i.mapper.ItemMapper.selectBatchIds   : ==> Parameters: 5001207(Long), 317578(Long)
15:27:08:475 DEBUG 30480 --- [http-nio-8081-exec-2] c.h.i.mapper.ItemMapper.selectBatchIds   : <==      Total: 2
15:27:10:608 DEBUG 30480 --- [http-nio-8081-exec-3] c.h.i.mapper.ItemMapper.selectBatchIds   : ==>  Preparing: SELECT id,name,price,stock,image,category,brand,spec,sold,comment_count,isAD,status,create_time,update_time,creater,updater FROM item WHERE id IN ( ? , ? )
15:27:10:608 DEBUG 30480 --- [http-nio-8081-exec-3] c.h.i.mapper.ItemMapper.selectBatchIds   : ==> Parameters: 5001207(Long), 317578(Long)
15:27:10:610 DEBUG 30480 --- [http-nio-8081-exec-3] c.h.i.mapper.ItemMapper.selectBatchIds   : <==      Total: 2
15:27:33:422 DEBUG 30480 --- [http-nio-8081-exec-4] c.h.i.mapper.ItemMapper.selectBatchIds   : ==>  Preparing: SELECT id,name,price,stock,image,category,brand,spec,sold,comment_count,isAD,status,create_time,update_time,creater,updater FROM item WHERE id IN ( ? , ? )
15:27:33:423 DEBUG 30480 --- [http-nio-8081-exec-4] c.h.i.mapper.ItemMapper.selectBatchIds   : ==> Parameters: 5001207(Long), 317578(Long)
15:27:33:429 DEBUG 30480 --- [http-nio-8081-exec-4] c.h.i.mapper.ItemMapper.selectBatchIds   : <==      Total: 2
15:27:36:337 DEBUG 30480 --- [http-nio-8081-exec-5] c.h.i.mapper.ItemMapper.selectBatchIds   : ==>  Preparing: SELECT id,name,price,stock,image,category,brand,spec,sold,comment_count,isAD,status,create_time,update_time,creater,updater FROM item WHERE id IN ( ? , ? )
15:27:36:338 DEBUG 30480 --- [http-nio-8081-exec-5] c.h.i.mapper.ItemMapper.selectBatchIds   : ==> Parameters: 5001207(Long), 317578(Long)
15:27:36:343 DEBUG 30480 --- [http-nio-8081-exec-5] c.h.i.mapper.ItemMapper.selectBatchIds   : <==      Total: 2
15:27:39:721 DEBUG 30480 --- [http-nio-8081-exec-8] c.h.i.mapper.ItemMapper.selectBatchIds   : ==>  Preparing: SELECT id,name,price,stock,image,category,brand,spec,sold,comment_count,isAD,status,create_time,update_time,creater,updater FROM item WHERE id IN ( ? , ? )
15:27:39:722 DEBUG 30480 --- [http-nio-8081-exec-8] c.h.i.mapper.ItemMapper.selectBatchIds   : ==> Parameters: 5001207(Long), 317578(Long)
15:27:39:728 DEBUG 30480 --- [http-nio-8081-exec-8] c.h.i.mapper.ItemMapper.selectBatchIds   : <==      Total: 2
15:28:06:737 DEBUG 30480 --- [http-nio-8081-exec-7] c.h.i.mapper.ItemMapper.selectBatchIds   : ==>  Preparing: SELECT id,name,price,stock,image,category,brand,spec,sold,comment_count,isAD,status,create_time,update_time,creater,updater FROM item WHERE id IN ( ? , ? )
15:28:06:738 DEBUG 30480 --- [http-nio-8081-exec-7] c.h.i.mapper.ItemMapper.selectBatchIds   : ==> Parameters: 5001207(Long), 317578(Long)
15:28:06:742 DEBUG 30480 --- [http-nio-8081-exec-7] c.h.i.mapper.ItemMapper.selectBatchIds   : <==      Total: 2
15:28:10:443 DEBUG 30480 --- [http-nio-8081-exec-6] c.h.i.mapper.ItemMapper.selectBatchIds   : ==>  Preparing: SELECT id,name,price,stock,image,category,brand,spec,sold,comment_count,isAD,status,create_time,update_time,creater,updater FROM item WHERE id IN ( ? , ? )
15:28:10:445 DEBUG 30480 --- [http-nio-8081-exec-6] c.h.i.mapper.ItemMapper.selectBatchIds   : ==> Parameters: 5001207(Long), 317578(Long)
15:28:10:456 DEBUG 30480 --- [http-nio-8081-exec-6] c.h.i.mapper.ItemMapper.selectBatchIds   : <==      Total: 2
15:28:12:364 DEBUG 30480 --- [http-nio-8081-exec-9] c.h.i.mapper.ItemMapper.selectBatchIds   : ==>  Preparing: SELECT id,name,price,stock,image,category,brand,spec,sold,comment_count,isAD,status,create_time,update_time,creater,updater FROM item WHERE id IN ( ? , ? )
15:28:12:365 DEBUG 30480 --- [http-nio-8081-exec-9] c.h.i.mapper.ItemMapper.selectBatchIds   : ==> Parameters: 5001207(Long), 317578(Long)
15:28:12:368 DEBUG 30480 --- [http-nio-8081-exec-9] c.h.i.mapper.ItemMapper.selectBatchIds   : <==      Total: 2
15:28:24:595 DEBUG 30480 --- [http-nio-8081-exec-10] c.h.i.mapper.ItemMapper.selectBatchIds   : ==>  Preparing: SELECT id,name,price,stock,image,category,brand,spec,sold,comment_count,isAD,status,create_time,update_time,creater,updater FROM item WHERE id IN ( ? , ? )
15:28:24:596 DEBUG 30480 --- [http-nio-8081-exec-10] c.h.i.mapper.ItemMapper.selectBatchIds   : ==> Parameters: 5001207(Long), 317578(Long)
15:28:24:599 DEBUG 30480 --- [http-nio-8081-exec-10] c.h.i.mapper.ItemMapper.selectBatchIds   : <==      Total: 2
15:28:25:282 DEBUG 30480 --- [http-nio-8081-exec-1] c.h.i.mapper.ItemMapper.selectBatchIds   : ==>  Preparing: SELECT id,name,price,stock,image,category,brand,spec,sold,comment_count,isAD,status,create_time,update_time,creater,updater FROM item WHERE id IN ( ? , ? )
15:28:25:282 DEBUG 30480 --- [http-nio-8081-exec-1] c.h.i.mapper.ItemMapper.selectBatchIds   : ==> Parameters: 5001207(Long), 317578(Long)
15:28:25:284 DEBUG 30480 --- [http-nio-8081-exec-1] c.h.i.mapper.ItemMapper.selectBatchIds   : <==      Total: 2
15:28:27:302 DEBUG 30480 --- [http-nio-8081-exec-2] c.h.i.mapper.ItemMapper.selectBatchIds   : ==>  Preparing: SELECT id,name,price,stock,image,category,brand,spec,sold,comment_count,isAD,status,create_time,update_time,creater,updater FROM item WHERE id IN ( ? , ? )
15:28:27:303 DEBUG 30480 --- [http-nio-8081-exec-2] c.h.i.mapper.ItemMapper.selectBatchIds   : ==> Parameters: 5001207(Long), 317578(Long)
15:28:27:306 DEBUG 30480 --- [http-nio-8081-exec-2] c.h.i.mapper.ItemMapper.selectBatchIds   : <==      Total: 2
15:28:32:356 DEBUG 30480 --- [http-nio-8081-exec-3] c.h.i.mapper.ItemMapper.selectBatchIds   : ==>  Preparing: SELECT id,name,price,stock,image,category,brand,spec,sold,comment_count,isAD,status,create_time,update_time,creater,updater FROM item WHERE id IN ( ? , ? )
15:28:32:356 DEBUG 30480 --- [http-nio-8081-exec-3] c.h.i.mapper.ItemMapper.selectBatchIds   : ==> Parameters: 5001207(Long), 317578(Long)
15:28:32:360 DEBUG 30480 --- [http-nio-8081-exec-3] c.h.i.mapper.ItemMapper.selectBatchIds   : <==      Total: 2
15:28:41:255 DEBUG 30480 --- [http-nio-8081-exec-4] c.h.i.mapper.ItemMapper.selectBatchIds   : ==>  Preparing: SELECT id,name,price,stock,image,category,brand,spec,sold,comment_count,isAD,status,create_time,update_time,creater,updater FROM item WHERE id IN ( ? , ? )
15:28:41:256 DEBUG 30480 --- [http-nio-8081-exec-4] c.h.i.mapper.ItemMapper.selectBatchIds   : ==> Parameters: 5001207(Long), 317578(Long)
15:28:41:259 DEBUG 30480 --- [http-nio-8081-exec-4] c.h.i.mapper.ItemMapper.selectBatchIds   : <==      Total: 2
15:29:39:844 DEBUG 30480 --- [http-nio-8081-exec-5] c.h.i.mapper.ItemMapper.selectBatchIds   : ==>  Preparing: SELECT id,name,price,stock,image,category,brand,spec,sold,comment_count,isAD,status,create_time,update_time,creater,updater FROM item WHERE id IN ( ? , ? )
15:29:39:845 DEBUG 30480 --- [http-nio-8081-exec-5] c.h.i.mapper.ItemMapper.selectBatchIds   : ==> Parameters: 5001207(Long), 317578(Long)
15:29:39:847 DEBUG 30480 --- [http-nio-8081-exec-5] c.h.i.mapper.ItemMapper.selectBatchIds   : <==      Total: 2
15:29:43:145 DEBUG 30480 --- [http-nio-8081-exec-8] c.h.i.mapper.ItemMapper.selectBatchIds   : ==>  Preparing: SELECT id,name,price,stock,image,category,brand,spec,sold,comment_count,isAD,status,create_time,update_time,creater,updater FROM item WHERE id IN ( ? , ? )
15:29:43:147 DEBUG 30480 --- [http-nio-8081-exec-8] c.h.i.mapper.ItemMapper.selectBatchIds   : ==> Parameters: 5001207(Long), 317578(Long)
15:29:43:153 DEBUG 30480 --- [http-nio-8081-exec-8] c.h.i.mapper.ItemMapper.selectBatchIds   : <==      Total: 2
15:29:46:493 DEBUG 30480 --- [http-nio-8081-exec-7] c.h.i.mapper.ItemMapper.selectBatchIds   : ==>  Preparing: SELECT id,name,price,stock,image,category,brand,spec,sold,comment_count,isAD,status,create_time,update_time,creater,updater FROM item WHERE id IN ( ? , ? )
15:29:46:494 DEBUG 30480 --- [http-nio-8081-exec-7] c.h.i.mapper.ItemMapper.selectBatchIds   : ==> Parameters: 5001207(Long), 317578(Long)
15:29:46:497 DEBUG 30480 --- [http-nio-8081-exec-7] c.h.i.mapper.ItemMapper.selectBatchIds   : <==      Total: 2
15:32:10:317 DEBUG 30480 --- [http-nio-8081-exec-9] c.h.i.mapper.ItemMapper.selectBatchIds   : ==>  Preparing: SELECT id,name,price,stock,image,category,brand,spec,sold,comment_count,isAD,status,create_time,update_time,creater,updater FROM item WHERE id IN ( ? , ? )
15:32:10:317 DEBUG 30480 --- [http-nio-8081-exec-9] c.h.i.mapper.ItemMapper.selectBatchIds   : ==> Parameters: 5001207(Long), 317578(Long)
15:32:10:319 DEBUG 30480 --- [http-nio-8081-exec-9] c.h.i.mapper.ItemMapper.selectBatchIds   : <==      Total: 2
15:32:40:990 DEBUG 30480 --- [http-nio-8081-exec-10] c.h.i.mapper.ItemMapper.selectBatchIds   : ==>  Preparing: SELECT id,name,price,stock,image,category,brand,spec,sold,comment_count,isAD,status,create_time,update_time,creater,updater FROM item WHERE id IN ( ? , ? )
15:32:40:991 DEBUG 30480 --- [http-nio-8081-exec-10] c.h.i.mapper.ItemMapper.selectBatchIds   : ==> Parameters: 5001207(Long), 317578(Long)
15:32:40:994 DEBUG 30480 --- [http-nio-8081-exec-10] c.h.i.mapper.ItemMapper.selectBatchIds   : <==      Total: 2
16:13:21:977  INFO 30480 --- [com.alibaba.nacos.client.remote.worker] com.alibaba.nacos.common.remote.client   : [d525e373-a94b-4dc5-89d5-a854906ca936] Server healthy check fail, currentConnection = 1753428340039_192.168.100.1_14379
16:13:21:992  INFO 30480 --- [com.alibaba.nacos.client.remote.worker] com.alibaba.nacos.common.remote.client   : [d525e373-a94b-4dc5-89d5-a854906ca936] Try to reconnect to a new server, server is  not appointed, will choose a random server.
16:13:25:123  INFO 30480 --- [com.alibaba.nacos.client.remote.worker] com.alibaba.nacos.common.remote.client   : [d525e373-a94b-4dc5-89d5-a854906ca936] Success to connect a server [192.168.100.129:8848], connectionId = 1753431205864_192.168.100.1_12494
16:13:25:124  INFO 30480 --- [com.alibaba.nacos.client.remote.worker] com.alibaba.nacos.common.remote.client   : [d525e373-a94b-4dc5-89d5-a854906ca936] Abandon prev connection, server is 192.168.100.129:8848, connectionId is 1753428340039_192.168.100.1_14379
16:13:25:126  INFO 30480 --- [com.alibaba.nacos.client.remote.worker] com.alibaba.nacos.common.remote.client   : Close current connection 1753428340039_192.168.100.1_14379
16:13:25:193  INFO 30480 --- [com.alibaba.nacos.client.remote.worker] com.alibaba.nacos.common.remote.client   : [d525e373-a94b-4dc5-89d5-a854906ca936] Notify disconnected event to listeners
16:13:25:220  WARN 30480 --- [nacos-grpc-client-executor-592] c.a.n.c.remote.client.grpc.GrpcClient    : [1753428340039_192.168.100.1_14379]Ignore error event,isRunning:true,isAbandon=true
16:13:25:244  INFO 30480 --- [com.alibaba.nacos.client.remote.worker] com.alibaba.nacos.common.remote.client   : [d525e373-a94b-4dc5-89d5-a854906ca936] Notify connected event to listeners.
16:13:28:501  INFO 30480 --- [nacos-grpc-client-executor-596] com.alibaba.nacos.common.remote.client   : [d525e373-a94b-4dc5-89d5-a854906ca936] Receive server push request, request = NotifySubscriberRequest, requestId = 186
16:13:28:502  INFO 30480 --- [nacos-grpc-client-executor-596] com.alibaba.nacos.common.remote.client   : [d525e373-a94b-4dc5-89d5-a854906ca936] Ack server push request, request = NotifySubscriberRequest, requestId = 186
16:34:20:840 DEBUG 30480 --- [http-nio-8081-exec-2] c.h.i.mapper.ItemMapper.selectBatchIds   : ==>  Preparing: SELECT id,name,price,stock,image,category,brand,spec,sold,comment_count,isAD,status,create_time,update_time,creater,updater FROM item WHERE id IN ( ? , ? )
16:34:20:851 DEBUG 30480 --- [http-nio-8081-exec-2] c.h.i.mapper.ItemMapper.selectBatchIds   : ==> Parameters: 5001207(Long), 317578(Long)
16:34:20:864 DEBUG 30480 --- [http-nio-8081-exec-2] c.h.i.mapper.ItemMapper.selectBatchIds   : <==      Total: 2
16:34:21:524 DEBUG 30480 --- [http-nio-8081-exec-3] c.h.i.mapper.ItemMapper.selectBatchIds   : ==>  Preparing: SELECT id,name,price,stock,image,category,brand,spec,sold,comment_count,isAD,status,create_time,update_time,creater,updater FROM item WHERE id IN ( ? , ? )
16:34:21:525 DEBUG 30480 --- [http-nio-8081-exec-3] c.h.i.mapper.ItemMapper.selectBatchIds   : ==> Parameters: 5001207(Long), 317578(Long)
16:34:21:527 DEBUG 30480 --- [http-nio-8081-exec-3] c.h.i.mapper.ItemMapper.selectBatchIds   : <==      Total: 2
16:41:14:395 DEBUG 30480 --- [http-nio-8081-exec-5] c.h.i.mapper.ItemMapper.selectBatchIds   : ==>  Preparing: SELECT id,name,price,stock,image,category,brand,spec,sold,comment_count,isAD,status,create_time,update_time,creater,updater FROM item WHERE id IN ( ? , ? )
16:41:14:397 DEBUG 30480 --- [http-nio-8081-exec-5] c.h.i.mapper.ItemMapper.selectBatchIds   : ==> Parameters: 5001207(Long), 317578(Long)
16:41:14:400 DEBUG 30480 --- [http-nio-8081-exec-5] c.h.i.mapper.ItemMapper.selectBatchIds   : <==      Total: 2
16:48:07:931 DEBUG 30480 --- [http-nio-8081-exec-7] c.h.i.mapper.ItemMapper.selectBatchIds   : ==>  Preparing: SELECT id,name,price,stock,image,category,brand,spec,sold,comment_count,isAD,status,create_time,update_time,creater,updater FROM item WHERE id IN ( ? , ? )
16:48:07:937 DEBUG 30480 --- [http-nio-8081-exec-7] c.h.i.mapper.ItemMapper.selectBatchIds   : ==> Parameters: 5001207(Long), 317578(Long)
16:48:07:939 DEBUG 30480 --- [http-nio-8081-exec-7] c.h.i.mapper.ItemMapper.selectBatchIds   : <==      Total: 2
16:48:09:238 DEBUG 30480 --- [http-nio-8081-exec-6] c.h.i.mapper.ItemMapper.selectBatchIds   : ==>  Preparing: SELECT id,name,price,stock,image,category,brand,spec,sold,comment_count,isAD,status,create_time,update_time,creater,updater FROM item WHERE id IN ( ? , ? )
16:48:09:239 DEBUG 30480 --- [http-nio-8081-exec-6] c.h.i.mapper.ItemMapper.selectBatchIds   : ==> Parameters: 5001207(Long), 317578(Long)
16:48:09:242 DEBUG 30480 --- [http-nio-8081-exec-6] c.h.i.mapper.ItemMapper.selectBatchIds   : <==      Total: 2
16:48:10:962 DEBUG 30480 --- [http-nio-8081-exec-9] c.h.i.mapper.ItemMapper.selectBatchIds   : ==>  Preparing: SELECT id,name,price,stock,image,category,brand,spec,sold,comment_count,isAD,status,create_time,update_time,creater,updater FROM item WHERE id IN ( ? , ? )
16:48:10:962 DEBUG 30480 --- [http-nio-8081-exec-9] c.h.i.mapper.ItemMapper.selectBatchIds   : ==> Parameters: 5001207(Long), 317578(Long)
16:48:10:965 DEBUG 30480 --- [http-nio-8081-exec-9] c.h.i.mapper.ItemMapper.selectBatchIds   : <==      Total: 2
16:48:12:549 DEBUG 30480 --- [http-nio-8081-exec-10] c.h.i.mapper.ItemMapper.selectBatchIds   : ==>  Preparing: SELECT id,name,price,stock,image,category,brand,spec,sold,comment_count,isAD,status,create_time,update_time,creater,updater FROM item WHERE id IN ( ? , ? )
16:48:12:550 DEBUG 30480 --- [http-nio-8081-exec-10] c.h.i.mapper.ItemMapper.selectBatchIds   : ==> Parameters: 5001207(Long), 317578(Long)
16:48:12:552 DEBUG 30480 --- [http-nio-8081-exec-10] c.h.i.mapper.ItemMapper.selectBatchIds   : <==      Total: 2
